# JRE version: Java(TM) SE Runtime Environment (23.0.1+11) (build 23.0.1+11-39)
# Java VM: Java HotSpot(TM) 64-Bit Server VM (23.0.1+11-39, mixed mode, sharing, tiered, compressed oops, compressed class ptrs, g1 gc, windows-amd64)
GC Precious Log:
 CardTable entry size: 512
 Card Set container configuration: InlinePtr #cards 4 size 8 Array Of Cards #cards 16 size 48 Howl #buckets 8 coarsen threshold 3686 Howl Bitmap #cards 512 size 80 coarsen threshold 460 Card regions per heap region 1 cards per card region 4096
 CPUs: 16 total, 16 available
 Memory: 14077M
 Large Page Support: Disabled
 NUMA Support: Disabled
 Compressed Oops: Enabled (Zero based)
 Heap Region Size: 2M
 Heap Min Capacity: 8M
 Heap Initial Capacity: 220M
 Heap Max Capacity: 3520M
 Pre-touch: Disabled
 Parallel Workers: 13
 Concurrent Workers: 3
 Concurrent Refinement Workers: 13
 Periodic GC: Disabled
Heap:
 garbage-first heap   total reserved 3604480K, committed 59392K, used 49728K [0x0000000724000000, 0x0000000800000000)
  region size 2048K, 14 young (28672K), 2 survivors (4096K)
 Metaspace       used 35575K, committed 35968K, reserved 1114112K
  class space    used 4090K, committed 4288K, reserved 1048576K
GC Heap History (20 events):
Event: 11.518 GC heap after
{Heap after GC invocations=21 (full 0):
 garbage-first heap   total reserved 3604480K, committed 57344K, used 18997K [0x0000000724000000, 0x0000000800000000)
  region size 2048K, 1 young (2048K), 1 survivors (2048K)
 Metaspace       used 33320K, committed 33664K, reserved 1114112K
  class space    used 3816K, committed 3968K, reserved 1048576K
}
Event: 11.635 GC heap before
{Heap before GC invocations=21 (full 0):
 garbage-first heap   total reserved 3604480K, committed 57344K, used 47669K [0x0000000724000000, 0x0000000800000000)
  region size 2048K, 15 young (30720K), 1 survivors (2048K)
 Metaspace       used 33320K, committed 33664K, reserved 1114112K
  class space    used 3816K, committed 3968K, reserved 1048576K
}
Event: 11.636 GC heap after
{Heap after GC invocations=22 (full 0):
 garbage-first heap   total reserved 3604480K, committed 57344K, used 19049K [0x0000000724000000, 0x0000000800000000)
  region size 2048K, 1 young (2048K), 1 survivors (2048K)
 Metaspace       used 33320K, committed 33664K, reserved 1114112K
  class space    used 3816K, committed 3968K, reserved 1048576K
}
Event: 11.798 GC heap before
{Heap before GC invocations=22 (full 0):
 garbage-first heap   total reserved 3604480K, committed 57344K, used 47721K [0x0000000724000000, 0x0000000800000000)
  region size 2048K, 15 young (30720K), 1 survivors (2048K)
 Metaspace       used 33320K, committed 33664K, reserved 1114112K
  class space    used 3816K, committed 3968K, reserved 1048576K
}
Event: 11.799 GC heap after
{Heap after GC invocations=23 (full 0):
 garbage-first heap   total reserved 3604480K, committed 57344K, used 19060K [0x0000000724000000, 0x0000000800000000)
  region size 2048K, 1 young (2048K), 1 survivors (2048K)
 Metaspace       used 33320K, committed 33664K, reserved 1114112K
  class space    used 3816K, committed 3968K, reserved 1048576K
}
Event: 12.028 GC heap before
{Heap before GC invocations=23 (full 0):
 garbage-first heap   total reserved 3604480K, committed 57344K, used 47732K [0x0000000724000000, 0x0000000800000000)
  region size 2048K, 15 young (30720K), 1 survivors (2048K)
 Metaspace       used 33320K, committed 33664K, reserved 1114112K
  class space    used 3816K, committed 3968K, reserved 1048576K
}
Event: 12.029 GC heap after
{Heap after GC invocations=24 (full 0):
 garbage-first heap   total reserved 3604480K, committed 57344K, used 19036K [0x0000000724000000, 0x0000000800000000)
  region size 2048K, 1 young (2048K), 1 survivors (2048K)
 Metaspace       used 33320K, committed 33664K, reserved 1114112K
  class space    used 3816K, committed 3968K, reserved 1048576K
}
Event: 12.245 GC heap before
{Heap before GC invocations=24 (full 0):
 garbage-first heap   total reserved 3604480K, committed 57344K, used 47708K [0x0000000724000000, 0x0000000800000000)
  region size 2048K, 15 young (30720K), 1 survivors (2048K)
 Metaspace       used 33320K, committed 33664K, reserved 1114112K
  class space    used 3816K, committed 3968K, reserved 1048576K
}
Event: 12.246 GC heap after
{Heap after GC invocations=25 (full 0):
 garbage-first heap   total reserved 3604480K, committed 57344K, used 19051K [0x0000000724000000, 0x0000000800000000)
  region size 2048K, 1 young (2048K), 1 survivors (2048K)
 Metaspace       used 33320K, committed 33664K, reserved 1114112K
  class space    used 3816K, committed 3968K, reserved 1048576K
}
Event: 13.389 GC heap before
{Heap before GC invocations=25 (full 0):
 garbage-first heap   total reserved 3604480K, committed 57344K, used 47723K [0x0000000724000000, 0x0000000800000000)
  region size 2048K, 15 young (30720K), 1 survivors (2048K)
 Metaspace       used 33445K, committed 33920K, reserved 1114112K
  class space    used 3830K, committed 4032K, reserved 1048576K
}
Event: 13.390 GC heap after
{Heap after GC invocations=26 (full 0):
 garbage-first heap   total reserved 3604480K, committed 57344K, used 19063K [0x0000000724000000, 0x0000000800000000)
  region size 2048K, 1 young (2048K), 1 survivors (2048K)
 Metaspace       used 33445K, committed 33920K, reserved 1114112K
  class space    used 3830K, committed 4032K, reserved 1048576K
}
Event: 13.918 GC heap before
{Heap before GC invocations=26 (full 0):
 garbage-first heap   total reserved 3604480K, committed 57344K, used 47735K [0x0000000724000000, 0x0000000800000000)
  region size 2048K, 15 young (30720K), 1 survivors (2048K)
 Metaspace       used 33445K, committed 33920K, reserved 1114112K
  class space    used 3830K, committed 4032K, reserved 1048576K
}
Event: 13.919 GC heap after
{Heap after GC invocations=27 (full 0):
 garbage-first heap   total reserved 3604480K, committed 57344K, used 19076K [0x0000000724000000, 0x0000000800000000)
  region size 2048K, 1 young (2048K), 1 survivors (2048K)
 Metaspace       used 33445K, committed 33920K, reserved 1114112K
  class space    used 3830K, committed 4032K, reserved 1048576K
}
Event: 14.311 GC heap before
{Heap before GC invocations=27 (full 0):
 garbage-first heap   total reserved 3604480K, committed 57344K, used 47748K [0x0000000724000000, 0x0000000800000000)
  region size 2048K, 15 young (30720K), 1 survivors (2048K)
 Metaspace       used 33445K, committed 33920K, reserved 1114112K
  class space    used 3830K, committed 4032K, reserved 1048576K
}
Event: 14.312 GC heap after
{Heap after GC invocations=28 (full 0):
 garbage-first heap   total reserved 3604480K, committed 57344K, used 19056K [0x0000000724000000, 0x0000000800000000)
  region size 2048K, 1 young (2048K), 1 survivors (2048K)
 Metaspace       used 33445K, committed 33920K, reserved 1114112K
  class space    used 3830K, committed 4032K, reserved 1048576K
}
Event: 14.749 GC heap before
{Heap before GC invocations=28 (full 0):
 garbage-first heap   total reserved 3604480K, committed 57344K, used 47728K [0x0000000724000000, 0x0000000800000000)
  region size 2048K, 15 young (30720K), 1 survivors (2048K)
 Metaspace       used 33445K, committed 33920K, reserved 1114112K
  class space    used 3830K, committed 4032K, reserved 1048576K
}
Event: 14.750 GC heap after
{Heap after GC invocations=29 (full 0):
 garbage-first heap   total reserved 3604480K, committed 57344K, used 19320K [0x0000000724000000, 0x0000000800000000)
  region size 2048K, 1 young (2048K), 1 survivors (2048K)
 Metaspace       used 33445K, committed 33920K, reserved 1114112K
  class space    used 3830K, committed 4032K, reserved 1048576K
}
Event: 15.153 GC heap before
{Heap before GC invocations=29 (full 0):
 garbage-first heap   total reserved 3604480K, committed 57344K, used 50040K [0x0000000724000000, 0x0000000800000000)
  region size 2048K, 15 young (30720K), 1 survivors (2048K)
 Metaspace       used 34363K, committed 34880K, reserved 1114112K
  class space    used 3891K, committed 4096K, reserved 1048576K
}
Event: 15.157 GC heap after
{Heap after GC invocations=30 (full 0):
 garbage-first heap   total reserved 3604480K, committed 57344K, used 23104K [0x0000000724000000, 0x0000000800000000)
  region size 2048K, 2 young (4096K), 2 survivors (4096K)
 Metaspace       used 34363K, committed 34880K, reserved 1114112K
  class space    used 3891K, committed 4096K, reserved 1048576K
}
Event: 15.556 GC heap before
{Heap before GC invocations=30 (full 0):
 garbage-first heap   total reserved 3604480K, committed 57344K, used 47680K [0x0000000724000000, 0x0000000800000000)
  region size 2048K, 14 young (28672K), 2 survivors (4096K)
 Metaspace       used 35575K, committed 35968K, reserved 1114112K
  class space    used 4090K, committed 4288K, reserved 1048576K
}

