# JRE version: OpenJDK Runtime Environment (21.0.6) (build 21.0.6+-13391695-b895.109)
# Java VM: OpenJDK 64-Bit Server VM (21.0.6+-13391695-b895.109, mixed mode, tiered, compressed oops, compressed class ptrs, g1 gc, windows-amd64)
GC Precious Log:
 CardTable entry size: 512
 Card Set container configuration: InlinePtr #cards 4 size 8 Array Of Cards #cards 16 size 48 Howl #buckets 8 coarsen threshold 3686 Howl Bitmap #cards 512 size 80 coarsen threshold 460 Card regions per heap region 1 cards per card region 4096
 CPUs: 16 total, 16 available
 Memory: 14077M
 Large Page Support: Disabled
 NUMA Support: Disabled
 Compressed Oops: Enabled (Zero based)
 Heap Region Size: 2M
 Heap Min Capacity: 8M
 Heap Initial Capacity: 220M
 Heap Max Capacity: 3520M
 Pre-touch: Disabled
 Parallel Workers: 13
 Concurrent Workers: 3
 Concurrent Refinement Workers: 13
 Periodic GC: Disabled
Heap:
 garbage-first heap   total 315392K, used 234743K [0x0000000724000000, 0x0000000800000000)
  region size 2048K, 7 young (14336K), 3 survivors (6144K)
 Metaspace       used 85568K, committed 85952K, reserved 1179648K
  class space    used 8599K, committed 8768K, reserved 1048576K
GC Heap History (20 events):
Event: 8.375 GC heap before
{Heap before GC invocations=22 (full 0):
 garbage-first heap   total 294912K, used 188585K [0x0000000724000000, 0x0000000800000000)
  region size 2048K, 35 young (71680K), 5 survivors (10240K)
 Metaspace       used 63384K, committed 63744K, reserved 1114112K
  class space    used 6855K, committed 6976K, reserved 1048576K
}
Event: 8.380 GC heap after
{Heap after GC invocations=23 (full 0):
 garbage-first heap   total 294912K, used 132330K [0x0000000724000000, 0x0000000800000000)
  region size 2048K, 6 young (12288K), 6 survivors (12288K)
 Metaspace       used 63384K, committed 63744K, reserved 1114112K
  class space    used 6855K, committed 6976K, reserved 1048576K
}
Event: 9.339 GC heap before
{Heap before GC invocations=24 (full 0):
 garbage-first heap   total 294912K, used 249066K [0x0000000724000000, 0x0000000800000000)
  region size 2048K, 63 young (129024K), 6 survivors (12288K)
 Metaspace       used 63763K, committed 64064K, reserved 1114112K
  class space    used 6870K, committed 6976K, reserved 1048576K
}
Event: 9.350 GC heap after
{Heap after GC invocations=25 (full 0):
 garbage-first heap   total 294912K, used 141523K [0x0000000724000000, 0x0000000800000000)
  region size 2048K, 7 young (14336K), 7 survivors (14336K)
 Metaspace       used 63763K, committed 64064K, reserved 1114112K
  class space    used 6870K, committed 6976K, reserved 1048576K
}
Event: 10.168 GC heap before
{Heap before GC invocations=25 (full 0):
 garbage-first heap   total 294912K, used 256211K [0x0000000724000000, 0x0000000800000000)
  region size 2048K, 63 young (129024K), 7 survivors (14336K)
 Metaspace       used 64032K, committed 64384K, reserved 1114112K
  class space    used 6889K, committed 7040K, reserved 1048576K
}
Event: 10.178 GC heap after
{Heap after GC invocations=26 (full 0):
 garbage-first heap   total 294912K, used 145252K [0x0000000724000000, 0x0000000800000000)
  region size 2048K, 3 young (6144K), 3 survivors (6144K)
 Metaspace       used 64032K, committed 64384K, reserved 1114112K
  class space    used 6889K, committed 7040K, reserved 1048576K
}
Event: 11.743 GC heap before
{Heap before GC invocations=26 (full 0):
 garbage-first heap   total 294912K, used 259940K [0x0000000724000000, 0x0000000800000000)
  region size 2048K, 59 young (120832K), 3 survivors (6144K)
 Metaspace       used 67954K, committed 68288K, reserved 1114112K
  class space    used 7176K, committed 7296K, reserved 1048576K
}
Event: 11.751 GC heap after
{Heap after GC invocations=27 (full 0):
 garbage-first heap   total 294912K, used 152369K [0x0000000724000000, 0x0000000800000000)
  region size 2048K, 7 young (14336K), 7 survivors (14336K)
 Metaspace       used 67954K, committed 68288K, reserved 1114112K
  class space    used 7176K, committed 7296K, reserved 1048576K
}
Event: 12.965 GC heap before
{Heap before GC invocations=28 (full 0):
 garbage-first heap   total 294912K, used 260913K [0x0000000724000000, 0x0000000800000000)
  region size 2048K, 60 young (122880K), 7 survivors (14336K)
 Metaspace       used 71473K, committed 71744K, reserved 1114112K
  class space    used 7459K, committed 7552K, reserved 1048576K
}
Event: 12.978 GC heap after
{Heap after GC invocations=29 (full 0):
 garbage-first heap   total 294912K, used 165057K [0x0000000724000000, 0x0000000800000000)
  region size 2048K, 8 young (16384K), 8 survivors (16384K)
 Metaspace       used 71473K, committed 71744K, reserved 1114112K
  class space    used 7459K, committed 7552K, reserved 1048576K
}
Event: 14.181 GC heap before
{Heap before GC invocations=29 (full 0):
 garbage-first heap   total 294912K, used 261313K [0x0000000724000000, 0x0000000800000000)
  region size 2048K, 55 young (112640K), 8 survivors (16384K)
 Metaspace       used 78467K, committed 78784K, reserved 1179648K
  class space    used 7953K, committed 8064K, reserved 1048576K
}
Event: 14.200 GC heap after
{Heap after GC invocations=30 (full 0):
 garbage-first heap   total 296960K, used 180133K [0x0000000724000000, 0x0000000800000000)
  region size 2048K, 7 young (14336K), 7 survivors (14336K)
 Metaspace       used 78467K, committed 78784K, reserved 1179648K
  class space    used 7953K, committed 8064K, reserved 1048576K
}
Event: 14.501 GC heap before
{Heap before GC invocations=30 (full 0):
 garbage-first heap   total 296960K, used 225189K [0x0000000724000000, 0x0000000800000000)
  region size 2048K, 30 young (61440K), 7 survivors (14336K)
 Metaspace       used 80076K, committed 80384K, reserved 1179648K
  class space    used 8081K, committed 8192K, reserved 1048576K
}
Event: 14.511 GC heap after
{Heap after GC invocations=31 (full 0):
 garbage-first heap   total 296960K, used 186890K [0x0000000724000000, 0x0000000800000000)
  region size 2048K, 3 young (6144K), 3 survivors (6144K)
 Metaspace       used 80076K, committed 80384K, reserved 1179648K
  class space    used 8081K, committed 8192K, reserved 1048576K
}
Event: 15.281 GC heap before
{Heap before GC invocations=32 (full 0):
 garbage-first heap   total 315392K, used 268810K [0x0000000724000000, 0x0000000800000000)
  region size 2048K, 43 young (88064K), 3 survivors (6144K)
 Metaspace       used 82060K, committed 82368K, reserved 1179648K
  class space    used 8255K, committed 8384K, reserved 1048576K
}
Event: 15.302 GC heap after
{Heap after GC invocations=33 (full 0):
 garbage-first heap   total 315392K, used 207603K [0x0000000724000000, 0x0000000800000000)
  region size 2048K, 6 young (12288K), 6 survivors (12288K)
 Metaspace       used 82060K, committed 82368K, reserved 1179648K
  class space    used 8255K, committed 8384K, reserved 1048576K
}
Event: 15.798 GC heap before
{Heap before GC invocations=33 (full 0):
 garbage-first heap   total 315392K, used 279283K [0x0000000724000000, 0x0000000800000000)
  region size 2048K, 41 young (83968K), 6 survivors (12288K)
 Metaspace       used 82664K, committed 83008K, reserved 1179648K
  class space    used 8294K, committed 8448K, reserved 1048576K
}
Event: 15.817 GC heap after
{Heap after GC invocations=34 (full 0):
 garbage-first heap   total 315392K, used 226274K [0x0000000724000000, 0x0000000800000000)
  region size 2048K, 6 young (12288K), 6 survivors (12288K)
 Metaspace       used 82664K, committed 83008K, reserved 1179648K
  class space    used 8294K, committed 8448K, reserved 1048576K
}
Event: 16.279 GC heap before
{Heap before GC invocations=34 (full 0):
 garbage-first heap   total 315392K, used 281570K [0x0000000724000000, 0x0000000800000000)
  region size 2048K, 33 young (67584K), 6 survivors (12288K)
 Metaspace       used 83984K, committed 84352K, reserved 1179648K
  class space    used 8411K, committed 8576K, reserved 1048576K
}
Event: 16.287 GC heap after
{Heap after GC invocations=35 (full 0):
 garbage-first heap   total 315392K, used 232695K [0x0000000724000000, 0x0000000800000000)
  region size 2048K, 3 young (6144K), 3 survivors (6144K)
 Metaspace       used 83984K, committed 84352K, reserved 1179648K
  class space    used 8411K, committed 8576K, reserved 1048576K
}

